<?xml version="1.0" encoding="UTF-8"?>
<!-- Generated by org.testng.reporters.JUnitReportReporter -->
<testsuite hostname="codecraft3s-iMac.local" name="phonenumberentry.PhoneNumberPageTest" tests="1" failures="0" timestamp="18 Apr 2017 05:08:03 GMT" time="21.643" errors="0">
  <testcase name="enterPhoneNumber" time="21.643" classname="phonenumberentry.PhoneNumberPageTest"/>
</testsuite> <!-- phonenumberentry.PhoneNumberPageTest -->
