<?xml version="1.0" encoding="UTF-8"?>
<!-- Generated by org.testng.reporters.JUnitReportReporter -->
<testsuite hostname="codecraft3s-iMac.local" name="completeregistration.CompleteRegistrationPageTest" tests="1" failures="0" timestamp="18 Apr 2017 05:08:08 GMT" time="92.928" errors="0">
  <testcase name="signUP" time="92.928" classname="completeregistration.CompleteRegistrationPageTest"/>
</testsuite> <!-- completeregistration.CompleteRegistrationPageTest -->
